<beans
        xmlns="http://www.springframework.org/schema/beans"
        xmlns:xsi="http://www.w3.org/2001/XMLSchema-instance"
        xsi:schemaLocation="http://www.springframework.org/schema/beans
        http://www.springframework.org/schema/beans/spring-beans-2.0.xsd">

    <!--<import resource="classpath:/spring/jms/master/distributed-master-context.xml"/>-->
    <import resource="classpath:/spring/jms/worker/distributed-worker-context.xml"/>



</beans>
