<?xml version="1.0" encoding="windows-1252" standalone="yes"?>
<berkeleyMatchXML>
    <matches>
        <match>
            <locations>
                <location>
                    <end>1970</end>
                    <hmmBounds>[]</hmmBounds>
                    <hmmEnd>48</hmmEnd>
                    <hmmStart>3</hmmStart>
                    <score>52.4</score>
                    <start>1925</start>
                    <eValue>2.4E-14</eValue>
                </location>
            </locations>
            <matchId>255506</matchId>
            <proteinMD5>40292377942FBC93A8D66A2C4DC58D70</proteinMD5>
            <sequenceScore>52.4</sequenceScore>
            <signatureAccession>G3DSA:2.10.25.10</signatureAccession>
            <signatureLibraryName>GENE3D</signatureLibraryName>
            <signatureLibraryRelease>3.5.0</signatureLibraryRelease>
        </match>
        <match>
            <locations>
                <location>
                    <end>1603</end>
                    <hmmBounds>[]</hmmBounds>
                    <hmmEnd>49</hmmEnd>
                    <hmmStart>8</hmmStart>
                    <score>40.6</score>
                    <start>1582</start>
                    <eValue>1.4E-10</eValue>
                </location>
            </locations>
            <matchId>255507</matchId>
            <proteinMD5>40292377942FBC93A8D66A2C4DC58D70</proteinMD5>
            <sequenceScore>122.6</sequenceScore>
            <signatureAccession>G3DSA:2.10.25.10</signatureAccession>
            <signatureLibraryName>GENE3D</signatureLibraryName>
            <signatureLibraryRelease>3.5.0</signatureLibraryRelease>
        </match>
        <match>
            <locations>
                <location>
                    <end>1284</end>
                    <hmmBounds>[]</hmmBounds>
                    <hmmEnd>51</hmmEnd>
                    <hmmStart>13</hmmStart>
                    <score>31.6</score>
                    <start>1236</start>
                    <eValue>7.8E-8</eValue>
                </location>
                <location>
                    <end>1873</end>
                    <hmmBounds>[]</hmmBounds>
                    <hmmEnd>50</hmmEnd>
                    <hmmStart>8</hmmStart>
                    <score>34.5</score>
                    <start>1831</start>
                    <eValue>9.7E-9</eValue>
                </location>
            </locations>
            <matchId>255508</matchId>
            <proteinMD5>40292377942FBC93A8D66A2C4DC58D70</proteinMD5>
            <sequenceScore>124.4</sequenceScore>
            <signatureAccession>G3DSA:2.10.25.10</signatureAccession>
            <signatureLibraryName>GENE3D</signatureLibraryName>
            <signatureLibraryRelease>3.5.0</signatureLibraryRelease>
        </match>
        <match>
            <locations>
                <location>
                    <end>1830</end>
                    <hmmBounds>[]</hmmBounds>
                    <hmmEnd>38</hmmEnd>
                    <hmmStart>4</hmmStart>
                    <score>25.1</score>
                    <start>1802</start>
                    <eValue>8.9E-6</eValue>
                </location>
            </locations>
            <matchId>255509</matchId>
            <proteinMD5>40292377942FBC93A8D66A2C4DC58D70</proteinMD5>
            <sequenceScore>138.3</sequenceScore>
            <signatureAccession>G3DSA:2.10.25.10</signatureAccession>
            <signatureLibraryName>GENE3D</signatureLibraryName>
            <signatureLibraryRelease>3.5.0</signatureLibraryRelease>
        </match>
        <match>
            <locations>
                <location>
                    <end>1352</end>
                    <hmmBounds>[]</hmmBounds>
                    <hmmEnd>130</hmmEnd>
                    <hmmStart>41</hmmStart>
                    <score>67.5</score>
                    <start>1285</start>
                    <eValue>6.9E-19</eValue>
                </location>
            </locations>
            <matchId>255510</matchId>
            <proteinMD5>40292377942FBC93A8D66A2C4DC58D70</proteinMD5>
            <sequenceScore>175.5</sequenceScore>
            <signatureAccession>G3DSA:2.170.300.10</signatureAccession>
            <signatureLibraryName>GENE3D</signatureLibraryName>
            <signatureLibraryRelease>3.5.0</signatureLibraryRelease>
        </match>
        <match>
            <locations>
                <location>
                    <end>1581</end>
                    <hmmBounds>[]</hmmBounds>
                    <hmmEnd>207</hmmEnd>
                    <hmmStart>3</hmmStart>
                    <score>158.1</score>
                    <start>1353</start>
                    <eValue>1.3E-46</eValue>
                </location>
                <location>
                    <end>1801</end>
                    <hmmBounds>[]</hmmBounds>
                    <hmmEnd>205</hmmEnd>
                    <hmmStart>4</hmmStart>
                    <score>107.9</score>
                    <start>1604</start>
                    <eValue>2.9E-31</eValue>
                </location>
            </locations>
            <matchId>255511</matchId>
            <proteinMD5>40292377942FBC93A8D66A2C4DC58D70</proteinMD5>
            <sequenceScore>263.5</sequenceScore>
            <signatureAccession>G3DSA:2.60.120.200</signatureAccession>
            <signatureLibraryName>GENE3D</signatureLibraryName>
            <signatureLibraryRelease>3.5.0</signatureLibraryRelease>
        </match>
        <match>
            <locations>
                <location>
                    <end>1120</end>
                    <hmmBounds>[]</hmmBounds>
                    <hmmEnd>110</hmmEnd>
                    <hmmStart>2</hmmStart>
                    <score>40.4</score>
                    <start>1022</start>
                    <eValue>2.1E-10</eValue>
                </location>
            </locations>
            <matchId>255512</matchId>
            <proteinMD5>40292377942FBC93A8D66A2C4DC58D70</proteinMD5>
            <sequenceScore>768.1</sequenceScore>
            <signatureAccession>G3DSA:2.60.40.60</signatureAccession>
            <signatureLibraryName>GENE3D</signatureLibraryName>
            <signatureLibraryRelease>3.5.0</signatureLibraryRelease>
        </match>
        <match>
            <locations>
                <location>
                    <end>285</end>
                    <hmmBounds>[]</hmmBounds>
                    <hmmEnd>122</hmmEnd>
                    <hmmStart>6</hmmStart>
                    <score>114.3</score>
                    <start>177</start>
                    <eValue>2.8E-33</eValue>
                </location>
                <location>
                    <end>396</end>
                    <hmmBounds>[]</hmmBounds>
                    <hmmEnd>122</hmmEnd>
                    <hmmStart>1</hmmStart>
                    <score>119.3</score>
                    <start>286</start>
                    <eValue>7.6E-35</eValue>
                </location>
                <location>
                    <end>503</end>
                    <hmmBounds>[]</hmmBounds>
                    <hmmEnd>118</hmmEnd>
                    <hmmStart>2</hmmStart>
                    <score>115.1</score>
                    <start>397</start>
                    <eValue>1.6E-33</eValue>
                </location>
                <location>
                    <end>608</end>
                    <hmmBounds>[]</hmmBounds>
                    <hmmEnd>122</hmmEnd>
                    <hmmStart>7</hmmStart>
                    <score>107.1</score>
                    <start>504</start>
                    <eValue>4.8E-31</eValue>
                </location>
                <location>
                    <end>709</end>
                    <hmmBounds>[]</hmmBounds>
                    <hmmEnd>122</hmmEnd>
                    <hmmStart>2</hmmStart>
                    <score>88.1</score>
                    <start>609</start>
                    <eValue>3.5E-25</eValue>
                </location>
                <location>
                    <end>812</end>
                    <hmmBounds>[]</hmmBounds>
                    <hmmEnd>122</hmmEnd>
                    <hmmStart>1</hmmStart>
                    <score>115.5</score>
                    <start>710</start>
                    <eValue>1.2E-33</eValue>
                </location>
                <location>
                    <end>919</end>
                    <hmmBounds>[]</hmmBounds>
                    <hmmEnd>122</hmmEnd>
                    <hmmStart>1</hmmStart>
                    <score>116.7</score>
                    <start>813</start>
                    <eValue>4.9E-34</eValue>
                </location>
                <location>
                    <end>1021</end>
                    <hmmBounds>[]</hmmBounds>
                    <hmmEnd>120</hmmEnd>
                    <hmmStart>2</hmmStart>
                    <score>104.5</score>
                    <start>920</start>
                    <eValue>3.1E-30</eValue>
                </location>
            </locations>
            <matchId>255513</matchId>
            <proteinMD5>40292377942FBC93A8D66A2C4DC58D70</proteinMD5>
            <sequenceScore>806.3</sequenceScore>
            <signatureAccession>G3DSA:2.60.40.60</signatureAccession>
            <signatureLibraryName>GENE3D</signatureLibraryName>
            <signatureLibraryRelease>3.5.0</signatureLibraryRelease>
        </match>
        <match>
            <locations>
                <location>
                    <end>2913</end>
                    <score>6760.5</score>
                    <start>1</start>
                    <eValue>0.0</eValue>
                </location>
            </locations>
            <matchId>255514</matchId>
            <proteinMD5>40292377942FBC93A8D66A2C4DC58D70</proteinMD5>
            <signatureAccession>PTHR24026</signatureAccession>
            <signatureLibraryName>PANTHER</signatureLibraryName>
            <signatureLibraryRelease>9.0</signatureLibraryRelease>
        </match>
        <match>
            <locations>
                <location>
                    <end>2913</end>
                    <score>6760.5</score>
                    <start>1</start>
                    <eValue>0.0</eValue>
                </location>
            </locations>
            <matchId>255515</matchId>
            <proteinMD5>40292377942FBC93A8D66A2C4DC58D70</proteinMD5>
            <signatureAccession>PTHR24026:SF32</signatureAccession>
            <signatureLibraryName>PANTHER</signatureLibraryName>
            <signatureLibraryRelease>9.0</signatureLibraryRelease>
        </match>
        <match>
            <locations>
                <location>
                    <end>2606</end>
                    <hmmBounds>[]</hmmBounds>
                    <hmmEnd>243</hmmEnd>
                    <hmmStart>4</hmmStart>
                    <score>155.3</score>
                    <start>2377</start>
                    <eValue>1.2E-45</eValue>
                </location>
            </locations>
            <matchId>255516</matchId>
            <proteinMD5>40292377942FBC93A8D66A2C4DC58D70</proteinMD5>
            <sequenceScore>155.8</sequenceScore>
            <signatureAccession>PF00002</signatureAccession>
            <signatureLibraryName>PFAM</signatureLibraryName>
            <signatureLibraryRelease>27.0</signatureLibraryRelease>
        </match>
        <match>
            <locations>
                <location>
                    <end>1608</end>
                    <hmmBounds>[]</hmmBounds>
                    <hmmEnd>31</hmmEnd>
                    <hmmStart>1</hmmStart>
                    <score>25.3</score>
                    <start>1579</start>
                    <eValue>9.8E-6</eValue>
                </location>
            </locations>
            <matchId>255517</matchId>
            <proteinMD5>40292377942FBC93A8D66A2C4DC58D70</proteinMD5>
            <sequenceScore>29.3</sequenceScore>
            <signatureAccession>PF00008</signatureAccession>
            <signatureLibraryName>PFAM</signatureLibraryName>
            <signatureLibraryRelease>27.0</signatureLibraryRelease>
        </match>
        <match>
            <locations>
                <location>
                    <end>280</end>
                    <hmmBounds>[]</hmmBounds>
                    <hmmEnd>93</hmmEnd>
                    <hmmStart>1</hmmStart>
                    <score>67.3</score>
                    <start>186</start>
                    <eValue>9.3E-19</eValue>
                </location>
                <location>
                    <end>389</end>
                    <hmmBounds>[]</hmmBounds>
                    <hmmEnd>92</hmmEnd>
                    <hmmStart>2</hmmStart>
                    <score>70.3</score>
                    <start>295</start>
                    <eValue>1.1E-19</eValue>
                </location>
                <location>
                    <end>495</end>
                    <hmmBounds>[]</hmmBounds>
                    <hmmEnd>92</hmmEnd>
                    <hmmStart>1</hmmStart>
                    <score>78.5</score>
                    <start>404</start>
                    <eValue>3.0E-22</eValue>
                </location>
                <location>
                    <end>602</end>
                    <hmmBounds>[]</hmmBounds>
                    <hmmEnd>93</hmmEnd>
                    <hmmStart>1</hmmStart>
                    <score>69.8</score>
                    <start>511</start>
                    <eValue>1.6E-19</eValue>
                </location>
                <location>
                    <end>704</end>
                    <hmmBounds>[]</hmmBounds>
                    <hmmEnd>93</hmmEnd>
                    <hmmStart>1</hmmStart>
                    <score>54.7</score>
                    <start>616</start>
                    <eValue>8.2E-15</eValue>
                </location>
                <location>
                    <end>806</end>
                    <hmmBounds>[]</hmmBounds>
                    <hmmEnd>92</hmmEnd>
                    <hmmStart>1</hmmStart>
                    <score>68.1</score>
                    <start>718</start>
                    <eValue>5.2E-19</eValue>
                </location>
                <location>
                    <end>913</end>
                    <hmmBounds>[]</hmmBounds>
                    <hmmEnd>93</hmmEnd>
                    <hmmStart>1</hmmStart>
                    <score>67.9</score>
                    <start>821</start>
                    <eValue>6.1E-19</eValue>
                </location>
                <location>
                    <end>1014</end>
                    <hmmBounds>[]</hmmBounds>
                    <hmmEnd>92</hmmEnd>
                    <hmmStart>3</hmmStart>
                    <score>61.8</score>
                    <start>929</start>
                    <eValue>4.9E-17</eValue>
                </location>
            </locations>
            <matchId>255518</matchId>
            <proteinMD5>40292377942FBC93A8D66A2C4DC58D70</proteinMD5>
            <sequenceScore>554.4</sequenceScore>
            <signatureAccession>PF00028</signatureAccession>
            <signatureLibraryName>PFAM</signatureLibraryName>
            <signatureLibraryRelease>27.0</signatureLibraryRelease>
        </match>
        <match>
            <locations>
                <location>
                    <end>1965</end>
                    <hmmBounds>[]</hmmBounds>
                    <hmmEnd>41</hmmEnd>
                    <hmmStart>1</hmmStart>
                    <score>36.2</score>
                    <start>1925</start>
                    <eValue>3.6E-9</eValue>
                </location>
            </locations>
            <matchId>255519</matchId>
            <proteinMD5>40292377942FBC93A8D66A2C4DC58D70</proteinMD5>
            <sequenceScore>36.2</sequenceScore>
            <signatureAccession>PF00053</signatureAccession>
            <signatureLibraryName>PFAM</signatureLibraryName>
            <signatureLibraryRelease>27.0</signatureLibraryRelease>
        </match>
        <match>
            <locations>
                <location>
                    <end>2364</end>
                    <hmmBounds>[]</hmmBounds>
                    <hmmEnd>44</hmmEnd>
                    <hmmStart>2</hmmStart>
                    <score>59.8</score>
                    <start>2317</start>
                    <eValue>1.8E-16</eValue>
                </location>
            </locations>
            <matchId>255520</matchId>
            <proteinMD5>40292377942FBC93A8D66A2C4DC58D70</proteinMD5>
            <sequenceScore>59.8</sequenceScore>
            <signatureAccession>PF01825</signatureAccession>
            <signatureLibraryName>PFAM</signatureLibraryName>
            <signatureLibraryRelease>27.0</signatureLibraryRelease>
        </match>
        <match>
            <locations>
                <location>
                    <end>1554</end>
                    <hmmBounds>[]</hmmBounds>
                    <hmmEnd>127</hmmEnd>
                    <hmmStart>1</hmmStart>
                    <score>110.9</score>
                    <start>1396</start>
                    <eValue>3.7E-32</eValue>
                </location>
                <location>
                    <end>1769</end>
                    <hmmBounds>[]</hmmBounds>
                    <hmmEnd>126</hmmEnd>
                    <hmmStart>1</hmmStart>
                    <score>56.9</score>
                    <start>1645</start>
                    <eValue>1.9E-15</eValue>
                </location>
            </locations>
            <matchId>255521</matchId>
            <proteinMD5>40292377942FBC93A8D66A2C4DC58D70</proteinMD5>
            <sequenceScore>170.6</sequenceScore>
            <signatureAccession>PF02210</signatureAccession>
            <signatureLibraryName>PFAM</signatureLibraryName>
            <signatureLibraryRelease>27.0</signatureLibraryRelease>
        </match>
        <match>
            <locations>
                <location>
                    <end>2290</end>
                    <hmmBounds>[]</hmmBounds>
                    <hmmEnd>217</hmmEnd>
                    <hmmStart>4</hmmStart>
                    <score>185.2</score>
                    <start>2048</start>
                    <eValue>8.9E-55</eValue>
                </location>
            </locations>
            <matchId>255522</matchId>
            <proteinMD5>40292377942FBC93A8D66A2C4DC58D70</proteinMD5>
            <sequenceScore>185.8</sequenceScore>
            <signatureAccession>PF12003</signatureAccession>
            <signatureLibraryName>PFAM</signatureLibraryName>
            <signatureLibraryRelease>27.0</signatureLibraryRelease>
        </match>
        <match>
            <locations>
                <location>
                    <end>249</end>
                    <hmmBounds>IIIIIII</hmmBounds>
                    <score>6.24E-6</score>
                    <start>230</start>
                    <eValue>1.3E-37</eValue>
                </location>
                <location>
                    <end>318</end>
                    <hmmBounds>IIIIIII</hmmBounds>
                    <score>4.96E-10</score>
                    <start>289</start>
                    <eValue>1.3E-37</eValue>
                </location>
                <location>
                    <end>374</end>
                    <hmmBounds>IIIIIII</hmmBounds>
                    <score>5.1E-4</score>
                    <start>362</start>
                    <eValue>1.3E-37</eValue>
                </location>
                <location>
                    <end>609</end>
                    <hmmBounds>IIIIIII</hmmBounds>
                    <score>1.48E-8</score>
                    <start>590</start>
                    <eValue>1.3E-37</eValue>
                </location>
                <location>
                    <end>622</end>
                    <hmmBounds>IIIIIII</hmmBounds>
                    <score>1.93E-4</score>
                    <start>609</start>
                    <eValue>1.3E-37</eValue>
                </location>
                <location>
                    <end>790</end>
                    <hmmBounds>IIIIIII</hmmBounds>
                    <score>1.22E-8</score>
                    <start>764</start>
                    <eValue>1.3E-37</eValue>
                </location>
                <location>
                    <end>815</end>
                    <hmmBounds>IIIIIII</hmmBounds>
                    <score>3.97E-6</score>
                    <start>798</start>
                    <eValue>1.3E-37</eValue>
                </location>
            </locations>
            <matchId>255523</matchId>
            <proteinMD5>40292377942FBC93A8D66A2C4DC58D70</proteinMD5>
            <signatureAccession>PR00205</signatureAccession>
            <signatureLibraryName>PRINTS</signatureLibraryName>
            <signatureLibraryRelease>42.0</signatureLibraryRelease>
        </match>
        <match>
            <locations>
                <location>
                    <end>2403</end>
                    <hmmBounds>i.iii..</hmmBounds>
                    <score>1.32E-4</score>
                    <start>2379</start>
                    <eValue>1.1E-5</eValue>
                </location>
                <location>
                    <end>2465</end>
                    <hmmBounds>i.iii..</hmmBounds>
                    <score>1.46E-4</score>
                    <start>2442</start>
                    <eValue>1.1E-5</eValue>
                </location>
                <location>
                    <end>2505</end>
                    <hmmBounds>i.iii..</hmmBounds>
                    <score>0.0482</score>
                    <start>2480</start>
                    <eValue>1.1E-5</eValue>
                </location>
                <location>
                    <end>2547</end>
                    <hmmBounds>i.iii..</hmmBounds>
                    <score>0.0141</score>
                    <start>2522</start>
                    <eValue>1.1E-5</eValue>
                </location>
            </locations>
            <matchId>255524</matchId>
            <proteinMD5>40292377942FBC93A8D66A2C4DC58D70</proteinMD5>
            <signatureAccession>PR00249</signatureAccession>
            <signatureLibraryName>PRINTS</signatureLibraryName>
            <signatureLibraryRelease>42.0</signatureLibraryRelease>
        </match>
        <match>
            <locations>
                <location>
                    <end>1601</end>
                    <start>1590</start>
                </location>
            </locations>
            <matchId>255525</matchId>
            <proteinMD5>40292377942FBC93A8D66A2C4DC58D70</proteinMD5>
            <signatureAccession>PS00010</signatureAccession>
            <signatureLibraryName>PROSITE_PATTERNS</signatureLibraryName>
            <signatureLibraryRelease>20.105</signatureLibraryRelease>
        </match>
        <match>
            <locations>
                <location>
                    <end>1286</end>
                    <start>1275</start>
                </location>
                <location>
                    <end>1324</end>
                    <start>1313</start>
                </location>
                <location>
                    <end>1610</end>
                    <start>1599</start>
                </location>
                <location>
                    <end>1829</end>
                    <start>1818</start>
                </location>
                <location>
                    <end>1867</end>
                    <start>1856</start>
                </location>
                <location>
                    <end>1955</end>
                    <start>1944</start>
                </location>
            </locations>
            <matchId>255526</matchId>
            <proteinMD5>40292377942FBC93A8D66A2C4DC58D70</proteinMD5>
            <signatureAccession>PS00022</signatureAccession>
            <signatureLibraryName>PROSITE_PATTERNS</signatureLibraryName>
            <signatureLibraryRelease>20.105</signatureLibraryRelease>
        </match>
        <match>
            <locations>
                <location>
                    <end>287</end>
                    <start>277</start>
                </location>
                <location>
                    <end>397</end>
                    <start>387</start>
                </location>
                <location>
                    <end>609</end>
                    <start>599</start>
                </location>
                <location>
                    <end>814</end>
                    <start>804</start>
                </location>
                <location>
                    <end>920</end>
                    <start>910</start>
                </location>
                <location>
                    <end>1022</end>
                    <start>1012</start>
                </location>
            </locations>
            <matchId>255527</matchId>
            <proteinMD5>40292377942FBC93A8D66A2C4DC58D70</proteinMD5>
            <signatureAccession>PS00232</signatureAccession>
            <signatureLibraryName>PROSITE_PATTERNS</signatureLibraryName>
            <signatureLibraryRelease>20.105</signatureLibraryRelease>
        </match>
        <match>
            <locations>
                <location>
                    <end>1610</end>
                    <start>1599</start>
                </location>
                <location>
                    <end>1833</end>
                    <start>1818</start>
                </location>
            </locations>
            <matchId>255528</matchId>
            <proteinMD5>40292377942FBC93A8D66A2C4DC58D70</proteinMD5>
            <signatureAccession>PS01186</signatureAccession>
            <signatureLibraryName>PROSITE_PATTERNS</signatureLibraryName>
            <signatureLibraryRelease>20.105</signatureLibraryRelease>
        </match>
        <match>
            <locations>
                <location>
                    <end>1977</end>
                    <start>1944</start>
                </location>
            </locations>
            <matchId>255529</matchId>
            <proteinMD5>40292377942FBC93A8D66A2C4DC58D70</proteinMD5>
            <signatureAccession>PS01248</signatureAccession>
            <signatureLibraryName>PROSITE_PATTERNS</signatureLibraryName>
            <signatureLibraryRelease>20.105</signatureLibraryRelease>
        </match>
        <match>
            <locations>
                <location>
                    <end>1572</end>
                    <score>33.616</score>
                    <start>1368</start>
                </location>
            </locations>
            <matchId>255530</matchId>
            <proteinMD5>40292377942FBC93A8D66A2C4DC58D70</proteinMD5>
            <signatureAccession>PS50025</signatureAccession>
            <signatureLibraryName>PROSITE_PROFILES</signatureLibraryName>
            <signatureLibraryRelease>20.105</signatureLibraryRelease>
        </match>
        <match>
            <locations>
                <location>
                    <end>1827</end>
                    <score>9.745</score>
                    <start>1794</start>
                </location>
            </locations>
            <matchId>255531</matchId>
            <proteinMD5>40292377942FBC93A8D66A2C4DC58D70</proteinMD5>
            <signatureAccession>PS50026</signatureAccession>
            <signatureLibraryName>PROSITE_PROFILES</signatureLibraryName>
            <signatureLibraryRelease>20.105</signatureLibraryRelease>
        </match>
        <match>
            <locations>
                <location>
                    <end>1972</end>
                    <score>21.356</score>
                    <start>1925</start>
                </location>
            </locations>
            <matchId>255532</matchId>
            <proteinMD5>40292377942FBC93A8D66A2C4DC58D70</proteinMD5>
            <signatureAccession>PS50027</signatureAccession>
            <signatureLibraryName>PROSITE_PROFILES</signatureLibraryName>
            <signatureLibraryRelease>20.105</signatureLibraryRelease>
        </match>
        <match>
            <locations>
                <location>
                    <end>2369</end>
                    <score>18.913</score>
                    <start>2317</start>
                </location>
            </locations>
            <matchId>255533</matchId>
            <proteinMD5>40292377942FBC93A8D66A2C4DC58D70</proteinMD5>
            <signatureAccession>PS50221</signatureAccession>
            <signatureLibraryName>PROSITE_PROFILES</signatureLibraryName>
            <signatureLibraryRelease>20.105</signatureLibraryRelease>
        </match>
        <match>
            <locations>
                <location>
                    <end>2030</end>
                    <score>13.072</score>
                    <start>1957</start>
                </location>
            </locations>
            <matchId>255534</matchId>
            <proteinMD5>40292377942FBC93A8D66A2C4DC58D70</proteinMD5>
            <signatureAccession>PS50227</signatureAccession>
            <signatureLibraryName>PROSITE_PROFILES</signatureLibraryName>
            <signatureLibraryRelease>20.105</signatureLibraryRelease>
        </match>
        <match>
            <locations>
                <location>
                    <end>2614</end>
                    <score>33.371</score>
                    <start>2377</start>
                </location>
            </locations>
            <matchId>255535</matchId>
            <proteinMD5>40292377942FBC93A8D66A2C4DC58D70</proteinMD5>
            <signatureAccession>PS50261</signatureAccession>
            <signatureLibraryName>PROSITE_PROFILES</signatureLibraryName>
            <signatureLibraryRelease>20.105</signatureLibraryRelease>
        </match>
        <match>
            <locations>
                <location>
                    <end>399</end>
                    <score>29.403</score>
                    <start>290</start>
                </location>
            </locations>
            <matchId>255536</matchId>
            <proteinMD5>40292377942FBC93A8D66A2C4DC58D70</proteinMD5>
            <signatureAccession>PS50268</signatureAccession>
            <signatureLibraryName>PROSITE_PROFILES</signatureLibraryName>
            <signatureLibraryRelease>20.105</signatureLibraryRelease>
        </match>
        <match>
            <locations>
                <location>
                    <end>2035</end>
                    <hmmBounds>[]</hmmBounds>
                    <hmmEnd>89</hmmEnd>
                    <hmmStart>1</hmmStart>
                    <score>83.4</score>
                    <start>1973</start>
                    <eValue>2.7E-20</eValue>
                </location>
            </locations>
            <matchId>255537</matchId>
            <proteinMD5>40292377942FBC93A8D66A2C4DC58D70</proteinMD5>
            <sequenceScore>83.4</sequenceScore>
            <signatureAccession>SM00008</signatureAccession>
            <signatureLibraryName>SMART</signatureLibraryName>
            <signatureLibraryRelease>6.2</signatureLibraryRelease>
        </match>
        <match>
            <locations>
                <location>
                    <end>287</end>
                    <hmmBounds>[]</hmmBounds>
                    <hmmEnd>121</hmmEnd>
                    <hmmStart>1</hmmStart>
                    <score>103.9</score>
                    <start>203</start>
                    <eValue>1.8E-26</eValue>
                </location>
                <location>
                    <end>397</end>
                    <hmmBounds>[]</hmmBounds>
                    <hmmEnd>121</hmmEnd>
                    <hmmStart>1</hmmStart>
                    <score>113.0</score>
                    <start>311</start>
                    <eValue>3.3E-29</eValue>
                </location>
                <location>
                    <end>503</end>
                    <hmmBounds>[]</hmmBounds>
                    <hmmEnd>121</hmmEnd>
                    <hmmStart>1</hmmStart>
                    <score>97.9</score>
                    <start>421</start>
                    <eValue>1.2E-24</eValue>
                </location>
                <location>
                    <end>609</end>
                    <hmmBounds>[]</hmmBounds>
                    <hmmEnd>121</hmmEnd>
                    <hmmStart>1</hmmStart>
                    <score>115.9</score>
                    <start>528</start>
                    <eValue>4.5E-30</eValue>
                </location>
                <location>
                    <end>711</end>
                    <hmmBounds>[]</hmmBounds>
                    <hmmEnd>121</hmmEnd>
                    <hmmStart>1</hmmStart>
                    <score>70.4</score>
                    <start>633</start>
                    <eValue>2.2E-16</eValue>
                </location>
                <location>
                    <end>814</end>
                    <hmmBounds>[]</hmmBounds>
                    <hmmEnd>121</hmmEnd>
                    <hmmStart>1</hmmStart>
                    <score>112.3</score>
                    <start>735</start>
                    <eValue>5.6E-29</eValue>
                </location>
                <location>
                    <end>920</end>
                    <hmmBounds>[]</hmmBounds>
                    <hmmEnd>121</hmmEnd>
                    <hmmStart>1</hmmStart>
                    <score>104.1</score>
                    <start>838</start>
                    <eValue>1.6E-26</eValue>
                </location>
                <location>
                    <end>1022</end>
                    <hmmBounds>[]</hmmBounds>
                    <hmmEnd>121</hmmEnd>
                    <hmmStart>1</hmmStart>
                    <score>95.6</score>
                    <start>944</start>
                    <eValue>6.0E-24</eValue>
                </location>
                <location>
                    <end>1126</end>
                    <hmmBounds>[]</hmmBounds>
                    <hmmEnd>121</hmmEnd>
                    <hmmStart>1</hmmStart>
                    <score>9.9</score>
                    <start>1050</start>
                    <eValue>0.25</eValue>
                </location>
            </locations>
            <matchId>255538</matchId>
            <proteinMD5>40292377942FBC93A8D66A2C4DC58D70</proteinMD5>
            <sequenceScore>823.1</sequenceScore>
            <signatureAccession>SM00112</signatureAccession>
            <signatureLibraryName>SMART</signatureLibraryName>
            <signatureLibraryRelease>6.2</signatureLibraryRelease>
        </match>
        <match>
            <locations>
                <location>
                    <end>1325</end>
                    <hmmBounds>[]</hmmBounds>
                    <hmmEnd>34</hmmEnd>
                    <hmmStart>1</hmmStart>
                    <score>24.5</score>
                    <start>1289</start>
                    <eValue>0.0015</eValue>
                </location>
                <location>
                    <end>1367</end>
                    <hmmBounds>[]</hmmBounds>
                    <hmmEnd>34</hmmEnd>
                    <hmmStart>1</hmmStart>
                    <score>12.5</score>
                    <start>1333</start>
                    <eValue>0.047</eValue>
                </location>
                <location>
                    <end>1611</end>
                    <hmmBounds>[]</hmmBounds>
                    <hmmEnd>34</hmmEnd>
                    <hmmStart>1</hmmStart>
                    <score>25.8</score>
                    <start>1579</start>
                    <eValue>0.0011</eValue>
                </location>
                <location>
                    <end>1830</end>
                    <hmmBounds>[]</hmmBounds>
                    <hmmEnd>34</hmmEnd>
                    <hmmStart>1</hmmStart>
                    <score>1.0</score>
                    <start>1796</start>
                    <eValue>1.3</eValue>
                </location>
                <location>
                    <end>1868</end>
                    <hmmBounds>[]</hmmBounds>
                    <hmmEnd>34</hmmEnd>
                    <hmmStart>1</hmmStart>
                    <score>6.3</score>
                    <start>1834</start>
                    <eValue>0.27</eValue>
                </location>
            </locations>
            <matchId>255539</matchId>
            <proteinMD5>40292377942FBC93A8D66A2C4DC58D70</proteinMD5>
            <sequenceScore>70.1</sequenceScore>
            <signatureAccession>SM00179</signatureAccession>
            <signatureLibraryName>SMART</signatureLibraryName>
            <signatureLibraryRelease>6.2</signatureLibraryRelease>
        </match>
        <match>
            <locations>
                <location>
                    <end>1970</end>
                    <hmmBounds>[]</hmmBounds>
                    <hmmEnd>42</hmmEnd>
                    <hmmStart>1</hmmStart>
                    <score>54.6</score>
                    <start>1925</start>
                    <eValue>1.2E-11</eValue>
                </location>
            </locations>
            <matchId>255540</matchId>
            <proteinMD5>40292377942FBC93A8D66A2C4DC58D70</proteinMD5>
            <sequenceScore>54.6</sequenceScore>
            <signatureAccession>SM00180</signatureAccession>
            <signatureLibraryName>SMART</signatureLibraryName>
            <signatureLibraryRelease>6.2</signatureLibraryRelease>
        </match>
        <match>
            <locations>
                <location>
                    <end>1287</end>
                    <hmmBounds>[]</hmmBounds>
                    <hmmEnd>32</hmmEnd>
                    <hmmStart>1</hmmStart>
                    <score>12.4</score>
                    <start>1232</start>
                    <eValue>21.0</eValue>
                </location>
                <location>
                    <end>1325</end>
                    <hmmBounds>[]</hmmBounds>
                    <hmmEnd>32</hmmEnd>
                    <hmmStart>1</hmmStart>
                    <score>11.8</score>
                    <start>1292</start>
                    <eValue>23.0</eValue>
                </location>
                <location>
                    <end>1367</end>
                    <hmmBounds>[]</hmmBounds>
                    <hmmEnd>32</hmmEnd>
                    <hmmStart>1</hmmStart>
                    <score>22.1</score>
                    <start>1332</start>
                    <eValue>0.076</eValue>
                </location>
                <location>
                    <end>1611</end>
                    <hmmBounds>[]</hmmBounds>
                    <hmmEnd>32</hmmEnd>
                    <hmmStart>1</hmmStart>
                    <score>32.5</score>
                    <start>1578</start>
                    <eValue>5.6E-5</eValue>
                </location>
                <location>
                    <end>1830</end>
                    <hmmBounds>[]</hmmBounds>
                    <hmmEnd>32</hmmEnd>
                    <hmmStart>1</hmmStart>
                    <score>18.1</score>
                    <start>1791</start>
                    <eValue>1.2</eValue>
                </location>
                <location>
                    <end>1868</end>
                    <hmmBounds>[]</hmmBounds>
                    <hmmEnd>32</hmmEnd>
                    <hmmStart>1</hmmStart>
                    <score>26.0</score>
                    <start>1832</start>
                    <eValue>0.0051</eValue>
                </location>
            </locations>
            <matchId>255541</matchId>
            <proteinMD5>40292377942FBC93A8D66A2C4DC58D70</proteinMD5>
            <sequenceScore>123.0</sequenceScore>
            <signatureAccession>SM00181</signatureAccession>
            <signatureLibraryName>SMART</signatureLibraryName>
            <signatureLibraryRelease>6.2</signatureLibraryRelease>
        </match>
        <match>
            <locations>
                <location>
                    <end>1555</end>
                    <hmmBounds>[]</hmmBounds>
                    <hmmEnd>137</hmmEnd>
                    <hmmStart>1</hmmStart>
                    <score>114.2</score>
                    <start>1388</start>
                    <eValue>1.5E-29</eValue>
                </location>
                <location>
                    <end>1771</end>
                    <hmmBounds>[]</hmmBounds>
                    <hmmEnd>137</hmmEnd>
                    <hmmStart>1</hmmStart>
                    <score>90.1</score>
                    <start>1637</start>
                    <eValue>2.7E-22</eValue>
                </location>
            </locations>
            <matchId>255542</matchId>
            <proteinMD5>40292377942FBC93A8D66A2C4DC58D70</proteinMD5>
            <sequenceScore>204.3</sequenceScore>
            <signatureAccession>SM00282</signatureAccession>
            <signatureLibraryName>SMART</signatureLibraryName>
            <signatureLibraryRelease>6.2</signatureLibraryRelease>
        </match>
        <match>
            <locations>
                <location>
                    <end>2369</end>
                    <hmmBounds>[]</hmmBounds>
                    <hmmEnd>51</hmmEnd>
                    <hmmStart>1</hmmStart>
                    <score>99.8</score>
                    <start>2316</start>
                    <eValue>3.1E-25</eValue>
                </location>
            </locations>
            <matchId>255543</matchId>
            <proteinMD5>40292377942FBC93A8D66A2C4DC58D70</proteinMD5>
            <sequenceScore>99.8</sequenceScore>
            <signatureAccession>SM00303</signatureAccession>
            <signatureLibraryName>SMART</signatureLibraryName>
            <signatureLibraryRelease>6.2</signatureLibraryRelease>
        </match>
        <match>
            <locations>
                <location>
                    <end>281</end>
                    <start>178</start>
                    <eValue>4.28E-26</eValue>
                </location>
                <location>
                    <end>391</end>
                    <start>283</start>
                    <eValue>2.14E-26</eValue>
                </location>
                <location>
                    <end>503</end>
                    <start>393</start>
                    <eValue>7.71E-29</eValue>
                </location>
                <location>
                    <end>604</end>
                    <start>503</start>
                    <eValue>7.85E-26</eValue>
                </location>
                <location>
                    <end>705</end>
                    <start>604</start>
                    <eValue>1.57E-20</eValue>
                </location>
                <location>
                    <end>805</end>
                    <start>701</start>
                    <eValue>2.86E-24</eValue>
                </location>
                <location>
                    <end>914</end>
                    <start>809</start>
                    <eValue>1.18E-27</eValue>
                </location>
                <location>
                    <end>1016</end>
                    <start>916</start>
                    <eValue>2.0E-25</eValue>
                </location>
                <location>
                    <end>1120</end>
                    <start>1018</start>
                    <eValue>1.57E-10</eValue>
                </location>
            </locations>
            <matchId>255544</matchId>
            <proteinMD5>40292377942FBC93A8D66A2C4DC58D70</proteinMD5>
            <signatureAccession>SSF49313</signatureAccession>
            <signatureLibraryName>SUPERFAMILY</signatureLibraryName>
            <signatureLibraryRelease>1.75</signatureLibraryRelease>
        </match>
        <match>
            <locations>
                <location>
                    <end>1577</end>
                    <start>1350</start>
                    <eValue>6.05E-38</eValue>
                </location>
                <location>
                    <end>1792</end>
                    <start>1599</start>
                    <eValue>1.29E-26</eValue>
                </location>
            </locations>
            <matchId>255545</matchId>
            <proteinMD5>40292377942FBC93A8D66A2C4DC58D70</proteinMD5>
            <signatureAccession>SSF49899</signatureAccession>
            <signatureLibraryName>SUPERFAMILY</signatureLibraryName>
            <signatureLibraryRelease>1.75</signatureLibraryRelease>
        </match>
        <match>
            <locations>
                <location>
                    <end>1366</end>
                    <start>1276</start>
                    <eValue>5.81E-5</eValue>
                </location>
                <location>
                    <end>1612</end>
                    <start>1563</start>
                    <eValue>5.81E-5</eValue>
                </location>
            </locations>
            <matchId>255546</matchId>
            <proteinMD5>40292377942FBC93A8D66A2C4DC58D70</proteinMD5>
            <signatureAccession>SSF57184</signatureAccession>
            <signatureLibraryName>SUPERFAMILY</signatureLibraryName>
            <signatureLibraryRelease>1.75</signatureLibraryRelease>
        </match>
        <match>
            <locations>
                <location>
                    <end>1830</end>
                    <start>1796</start>
                    <eValue>6.76E-5</eValue>
                </location>
                <location>
                    <end>1877</end>
                    <start>1831</start>
                    <eValue>3.41E-6</eValue>
                </location>
                <location>
                    <end>1965</end>
                    <start>1925</start>
                    <eValue>3.93E-7</eValue>
                </location>
            </locations>
            <matchId>255547</matchId>
            <proteinMD5>40292377942FBC93A8D66A2C4DC58D70</proteinMD5>
            <signatureAccession>SSF57196</signatureAccession>
            <signatureLibraryName>SUPERFAMILY</signatureLibraryName>
            <signatureLibraryRelease>1.75</signatureLibraryRelease>
        </match>
    </matches>
</berkeleyMatchXML>