<?xml version="1.0" encoding="UTF-8" standalone="yes"?>
<berkeleyMatchXML>
    <matches>
        <match>
            <locations>
                <location>
                    <end>306</end>
                    <hmmBounds>.]</hmmBounds>
                    <hmmEnd>255</hmmEnd>
                    <hmmStart>2</hmmStart>
                    <start>55</start>
                    <eValue>-47.50863830616573</eValue>
                </location>
            </locations>
            <matchId>73018293</matchId>
            <proteinMD5>D000022E87E6B7B84CCCBA9BAF34568A</proteinMD5>
            <sequenceScore>173.8</sequenceScore>
            <signatureAccession>PF00001</signatureAccession>
            <signatureLibraryName>PFAM_HMMER3</signatureLibraryName>
            <signatureLibraryRelease>24.0</signatureLibraryRelease>
        </match>
        <match>
            <locations>
                <location>
                    <end>37</end>
                    <hmmBounds>[]</hmmBounds>
                    <hmmEnd>36</hmmEnd>
                    <hmmStart>1</hmmStart>
                    <start>2</start>
                    <eValue>-20.522878745280337</eValue>
                </location>
            </locations>
            <matchId>73018294</matchId>
            <proteinMD5>D000022E87E6B7B84CCCBA9BAF34568A</proteinMD5>
            <sequenceScore>85.2</sequenceScore>
            <signatureAccession>PF10413</signatureAccession>
            <signatureLibraryName>PFAM_HMMER3</signatureLibraryName>
            <signatureLibraryRelease>24.0</signatureLibraryRelease>
        </match>
        <match>
            <locations>
                <location>
                    <end>173</end>
                    <hmmBounds>iIiiiII</hmmBounds>
                    <start>152</start>
                    <eValue>-43.8538703918457</eValue>
                </location>
                <location>
                    <end>227</end>
                    <hmmBounds>iIiiiII</hmmBounds>
                    <start>204</start>
                    <eValue>-43.8538703918457</eValue>
                </location>
                <location>
                    <end>139</end>
                    <hmmBounds>iIiiiII</hmmBounds>
                    <start>117</start>
                    <eValue>-43.8538703918457</eValue>
                </location>
                <location>
                    <end>314</end>
                    <hmmBounds>iIiiiII</hmmBounds>
                    <start>288</start>
                    <eValue>-43.8538703918457</eValue>
                </location>
                <location>
                    <end>63</end>
                    <hmmBounds>iIiiiII</hmmBounds>
                    <start>39</start>
                    <eValue>-43.8538703918457</eValue>
                </location>
                <location>
                    <end>274</end>
                    <hmmBounds>iIiiiII</hmmBounds>
                    <start>250</start>
                    <eValue>-43.8538703918457</eValue>
                </location>
                <location>
                    <end>93</end>
                    <hmmBounds>iIiiiII</hmmBounds>
                    <start>72</start>
                    <eValue>-43.8538703918457</eValue>
                </location>
            </locations>
            <matchId>73018295</matchId>
            <proteinMD5>D000022E87E6B7B84CCCBA9BAF34568A</proteinMD5>
            <signatureAccession>PR00237</signatureAccession>
            <signatureLibraryName>PRINTS</signatureLibraryName>
            <signatureLibraryRelease>40.0</signatureLibraryRelease>
        </match>
        <match>
            <locations>
                <location>
                    <end>186</end>
                    <hmmBounds>III</hmmBounds>
                    <start>174</start>
                    <eValue>-18.309803009033203</eValue>
                </location>
                <location>
                    <end>297</end>
                    <hmmBounds>III</hmmBounds>
                    <start>285</start>
                    <eValue>-18.309803009033203</eValue>
                </location>
                <location>
                    <end>72</end>
                    <hmmBounds>III</hmmBounds>
                    <start>60</start>
                    <eValue>-18.309803009033203</eValue>
                </location>
            </locations>
            <matchId>73018296</matchId>
            <proteinMD5>D000022E87E6B7B84CCCBA9BAF34568A</proteinMD5>
            <signatureAccession>PR00238</signatureAccession>
            <signatureLibraryName>PRINTS</signatureLibraryName>
            <signatureLibraryRelease>40.0</signatureLibraryRelease>
        </match>
        <match>
            <locations>
                <location>
                    <end>21</end>
                    <hmmBounds>IIIIII</hmmBounds>
                    <start>3</start>
                    <eValue>-63.18708801269531</eValue>
                </location>
                <location>
                    <end>207</end>
                    <hmmBounds>IIIIII</hmmBounds>
                    <start>191</start>
                    <eValue>-63.18708801269531</eValue>
                </location>
                <location>
                    <end>38</end>
                    <hmmBounds>IIIIII</hmmBounds>
                    <start>22</start>
                    <eValue>-63.18708801269531</eValue>
                </location>
                <location>
                    <end>289</end>
                    <hmmBounds>IIIIII</hmmBounds>
                    <start>271</start>
                    <eValue>-63.18708801269531</eValue>
                </location>
                <location>
                    <end>101</end>
                    <hmmBounds>IIIIII</hmmBounds>
                    <start>85</start>
                    <eValue>-63.18708801269531</eValue>
                </location>
                <location>
                    <end>332</end>
                    <hmmBounds>IIIIII</hmmBounds>
                    <start>319</start>
                    <eValue>-63.18708801269531</eValue>
                </location>
            </locations>
            <matchId>73018297</matchId>
            <proteinMD5>D000022E87E6B7B84CCCBA9BAF34568A</proteinMD5>
            <signatureAccession>PR00579</signatureAccession>
            <signatureLibraryName>PRINTS</signatureLibraryName>
            <signatureLibraryRelease>40.0</signatureLibraryRelease>
        </match>
        <match>
            <locations>
                <location>
                    <end>306</end>
                    <start>54</start>
                </location>
            </locations>
            <matchId>73018298</matchId>
            <proteinMD5>D000022E87E6B7B84CCCBA9BAF34568A</proteinMD5>
            <signatureAccession>PS50262</signatureAccession>
            <signatureLibraryName>PROSITE_PF</signatureLibraryName>
            <signatureLibraryRelease>20.66</signatureLibraryRelease>
        </match>
        <match>
            <locations>
                <location>
                    <end>306</end>
                    <start>54</start>
                </location>
            </locations>
            <matchId>73018299</matchId>
            <proteinMD5>D000022E87E6B7B84CCCBA9BAF34568A</proteinMD5>
            <signatureAccession>PS50262</signatureAccession>
            <signatureLibraryName>PROSITE_PF</signatureLibraryName>
            <signatureLibraryRelease>20.52</signatureLibraryRelease>
        </match>
        <match>
            <locations>
                <location>
                    <end>139</end>
                    <start>123</start>
                </location>
            </locations>
            <matchId>73018300</matchId>
            <proteinMD5>D000022E87E6B7B84CCCBA9BAF34568A</proteinMD5>
            <signatureAccession>PS00237</signatureAccession>
            <signatureLibraryName>PROSITE_PT</signatureLibraryName>
            <signatureLibraryRelease>20.52</signatureLibraryRelease>
        </match>
        <match>
            <locations>
                <location>
                    <end>139</end>
                    <start>123</start>
                </location>
            </locations>
            <matchId>73018301</matchId>
            <proteinMD5>D000022E87E6B7B84CCCBA9BAF34568A</proteinMD5>
            <signatureAccession>PS00237</signatureAccession>
            <signatureLibraryName>PROSITE_PT</signatureLibraryName>
            <signatureLibraryRelease>20.66</signatureLibraryRelease>
        </match>
        <match>
            <locations>
                <location>
                    <end>306</end>
                    <start>290</start>
                </location>
            </locations>
            <matchId>73018302</matchId>
            <proteinMD5>D000022E87E6B7B84CCCBA9BAF34568A</proteinMD5>
            <signatureAccession>PS00238</signatureAccession>
            <signatureLibraryName>PROSITE_PT</signatureLibraryName>
            <signatureLibraryRelease>20.66</signatureLibraryRelease>
        </match>
        <match>
            <locations>
                <location>
                    <end>306</end>
                    <start>290</start>
                </location>
            </locations>
            <matchId>73018303</matchId>
            <proteinMD5>D000022E87E6B7B84CCCBA9BAF34568A</proteinMD5>
            <signatureAccession>PS00238</signatureAccession>
            <signatureLibraryName>PROSITE_PT</signatureLibraryName>
            <signatureLibraryRelease>20.52</signatureLibraryRelease>
        </match>
        <match>
            <locations>
                <location>
                    <end>348</end>
                    <hmmBounds>[]</hmmBounds>
                    <hmmEnd>348</hmmEnd>
                    <hmmStart>1</hmmStart>
                    <start>1</start>
                    <eValue>-88.36653137207031</eValue>
                </location>
            </locations>
            <matchId>73018304</matchId>
            <proteinMD5>D000022E87E6B7B84CCCBA9BAF34568A</proteinMD5>
            <sequenceScore>307.3</sequenceScore>
            <signatureAccession>SSF81321</signatureAccession>
            <signatureLibraryName>SSF</signatureLibraryName>
            <signatureLibraryRelease>1.73</signatureLibraryRelease>
        </match>
    </matches>
</berkeleyMatchXML>
